"../../../../../Kevin/Unreal Projects/UniHacks2022/Content/2dSideScroller/Textures/2DCharacter_IdleAnimAtlas.uasset" 0
"../../../../../Kevin/Unreal Projects/UniHacks2022/Content/2dSideScroller/Sprites/IdleFrames/IdleCycle8.uasset" 1
"../../../../../Kevin/Unreal Projects/UniHacks2022/Content/2dSideScroller/Sprites/IdleFrames/IdleCycle7.uasset" 2
"../../../../../Kevin/Unreal Projects/UniHacks2022/Content/2dSideScroller/Sprites/IdleFrames/IdleCycle6.uasset" 3
"../../../../../Kevin/Unreal Projects/UniHacks2022/Content/2dSideScroller/Sprites/IdleFrames/IdleCycle5.uasset" 4
"../../../../../Kevin/Unreal Projects/UniHacks2022/Content/2dSideScroller/Sprites/IdleFrames/IdleCycle4.uasset" 5
"../../../../../Kevin/Unreal Projects/UniHacks2022/Content/2dSideScroller/Sprites/IdleFrames/IdleCycle3.uasset" 6
"../../../../../Kevin/Unreal Projects/UniHacks2022/Content/2dSideScroller/Sprites/IdleFrames/IdleCycle2.uasset" 7
"../../../../../Kevin/Unreal Projects/UniHacks2022/Content/2dSideScroller/Sprites/IdleFrames/IdleCycle1.uasset" 8
"../../../../../Kevin/Unreal Projects/UniHacks2022/Content/2DSideScroller/Sprites/IdleAnimation.uasset" 9
"../../../../../Kevin/Unreal Projects/UniHacks2022/Content/2dSideScroller/Textures/2DBackgroundTile.uasset" 10
"../../../../../Kevin/Unreal Projects/UniHacks2022/Content/2DSideScroller/Materials/PrototypingSpriteMaterial.uasset" 11
"../../../../../Kevin/Unreal Projects/UniHacks2022/Content/2DSideScroller/Sprites/PrototypingSprite.uasset" 12
"../../../../../Kevin/Unreal Projects/UniHacks2022/Content/2dSideScroller/Textures/2DCharacter_RunAnimAtlas.uasset" 13
"../../../../../Kevin/Unreal Projects/UniHacks2022/Content/2dSideScroller/Sprites/RunFrames/RunCycle_9.uasset" 14
"../../../../../Kevin/Unreal Projects/UniHacks2022/Content/2dSideScroller/Sprites/RunFrames/RunCycle_8.uasset" 15
"../../../../../Kevin/Unreal Projects/UniHacks2022/Content/2dSideScroller/Sprites/RunFrames/RunCycle_7.uasset" 16
"../../../../../Kevin/Unreal Projects/UniHacks2022/Content/2dSideScroller/Sprites/RunFrames/RunCycle_6.uasset" 17
"../../../../../Kevin/Unreal Projects/UniHacks2022/Content/2dSideScroller/Sprites/RunFrames/RunCycle_5.uasset" 18
"../../../../../Kevin/Unreal Projects/UniHacks2022/Content/2dSideScroller/Sprites/RunFrames/RunCycle_4.uasset" 19
"../../../../../Kevin/Unreal Projects/UniHacks2022/Content/2dSideScroller/Sprites/RunFrames/RunCycle_3.uasset" 20
"../../../../../Kevin/Unreal Projects/UniHacks2022/Content/2dSideScroller/Sprites/RunFrames/RunCycle_2.uasset" 21
"../../../../../Kevin/Unreal Projects/UniHacks2022/Content/2dSideScroller/Sprites/RunFrames/RunCycle_16.uasset" 22
"../../../../../Kevin/Unreal Projects/UniHacks2022/Content/2dSideScroller/Sprites/RunFrames/RunCycle_15.uasset" 23
"../../../../../Kevin/Unreal Projects/UniHacks2022/Content/2dSideScroller/Sprites/RunFrames/RunCycle_14.uasset" 24
"../../../../../Kevin/Unreal Projects/UniHacks2022/Content/2dSideScroller/Sprites/RunFrames/RunCycle_13.uasset" 25
"../../../../../Kevin/Unreal Projects/UniHacks2022/Content/2dSideScroller/Sprites/RunFrames/RunCycle_12.uasset" 26
"../../../../../Kevin/Unreal Projects/UniHacks2022/Content/2dSideScroller/Sprites/RunFrames/RunCycle_11.uasset" 27
"../../../../../Kevin/Unreal Projects/UniHacks2022/Content/2dSideScroller/Sprites/RunFrames/RunCycle_10.uasset" 28
"../../../../../Kevin/Unreal Projects/UniHacks2022/Content/2dSideScroller/Sprites/RunFrames/RunCycle_1.uasset" 29
"../../../../../Kevin/Unreal Projects/UniHacks2022/Content/2DSideScroller/Sprites/RunningAnimation.uasset" 30
"../../../../../Kevin/Unreal Projects/UniHacks2022/Content/2DSideScrollerBP/2DSideScrollerOverview.uasset" 31
"../../../../../Kevin/Unreal Projects/UniHacks2022/Content/Levels/HubWorld/Blueprints/FoodTruck_Sprite.uasset" 32
"../../../../../Kevin/Unreal Projects/UniHacks2022/Content/Levels/HubWorld/Blueprints/FoodTruck1.uasset" 33
"../../../../../Kevin/Unreal Projects/UniHacks2022/Content/Levels/HubWorld/Blueprints/2DSideScrollerCharacter.uasset" 34
"../../../../../Kevin/Unreal Projects/UniHacks2022/Content/2DSideScrollerBP/Blueprints/2DSideScrollerCharacter.uasset" 35
"../../../../../Kevin/Unreal Projects/UniHacks2022/Content/Levels/HubWorld/Blueprints/2DSideScrollerGameMode.uasset" 36
"../../../../../Kevin/Unreal Projects/UniHacks2022/Content/2DSideScrollerBP/Blueprints/2DSideScrollerGameMode.uasset" 37
"../../../../../Kevin/Unreal Projects/UniHacks2022/Content/Levels/HubWorld/Road/SSS_Road-1_png.uasset" 38
"../../../../../Kevin/Unreal Projects/UniHacks2022/Content/Levels/HubWorld/Road/Road.uasset" 39
"../../../../../Kevin/Unreal Projects/UniHacks2022/Content/Levels/HubWorld/Road/RoadBP.uasset" 40
"../../../../../Kevin/Unreal Projects/UniHacks2022/Content/Levels/HubWorld/RoadBP.uasset" 41
"../../../../../Kevin/Unreal Projects/UniHacks2022/Content/Levels/HubWorld/Sequences/Step2Sequence.uasset" 42
"../../../../../Kevin/Unreal Projects/UniHacks2022/Content/Levels/HubWorld/Sequences/Step3Sequence.uasset" 43
"../../../../../Kevin/Unreal Projects/UniHacks2022/Content/Levels/HubWorld/Sequences/Step4Sequence.uasset" 44
"../../../../../Kevin/Unreal Projects/UniHacks2022/Content/StarterContent/Materials/M_Basic_Wall.uasset" 45
"../../../../../Kevin/Unreal Projects/UniHacks2022/Content/StarterContent/Architecture/Pillar_50x500.uasset" 46
"../../../../../Kevin/Unreal Projects/UniHacks2022/Content/StarterContent/Architecture/Wall_400x300.uasset" 47
"../../../../../Kevin/Unreal Projects/UniHacks2022/Content/StarterContent/Architecture/Wall_400x400.uasset" 48
"../../../../../Kevin/Unreal Projects/UniHacks2022/Content/StarterContent/Architecture/Wall_500x500.uasset" 49
"../../../../../Kevin/Unreal Projects/UniHacks2022/Content/StarterContent/Architecture/Wall_Door_400x400.uasset" 50
"../../../../../Kevin/Unreal Projects/UniHacks2022/Content/StarterContent/Architecture/Wall_Window_400x400.uasset" 51
"../../../../../Kevin/Unreal Projects/UniHacks2022/Content/StarterContent/Audio/Collapse01.uasset" 52
"../../../../../Kevin/Unreal Projects/UniHacks2022/Content/StarterContent/Audio/Collapse02.uasset" 53
"../../../../../Kevin/Unreal Projects/UniHacks2022/Content/StarterContent/Audio/Explosion01.uasset" 54
"../../../../../Kevin/Unreal Projects/UniHacks2022/Content/StarterContent/Audio/Explosion02.uasset" 55
"../../../../../Kevin/Unreal Projects/UniHacks2022/Content/StarterContent/Audio/Fire01.uasset" 56
"../../../../../Kevin/Unreal Projects/UniHacks2022/Content/StarterContent/Audio/Fire_Sparks01.uasset" 57
"../../../../../Kevin/Unreal Projects/UniHacks2022/Content/StarterContent/Audio/Light01.uasset" 58
"../../../../../Kevin/Unreal Projects/UniHacks2022/Content/StarterContent/Audio/Light01_Cue.uasset" 59
"../../../../../Kevin/Unreal Projects/UniHacks2022/Content/StarterContent/Audio/Light02.uasset" 60
"../../../../../Kevin/Unreal Projects/UniHacks2022/Content/StarterContent/Audio/Light02_Cue.uasset" 61
"../../../../../Kevin/Unreal Projects/UniHacks2022/Content/StarterContent/Audio/Smoke01.uasset" 62
"../../../../../Kevin/Unreal Projects/UniHacks2022/Content/StarterContent/Audio/Starter_Birds01.uasset" 63
"../../../../../Kevin/Unreal Projects/UniHacks2022/Content/StarterContent/Audio/Starter_Music01.uasset" 64
"../../../../../Kevin/Unreal Projects/UniHacks2022/Content/StarterContent/Audio/Starter_Wind05.uasset" 65
"../../../../../Kevin/Unreal Projects/UniHacks2022/Content/StarterContent/Audio/Starter_Wind06.uasset" 66
"../../../../../Kevin/Unreal Projects/UniHacks2022/Content/StarterContent/Audio/Steam01.uasset" 67
"../../../../../Kevin/Unreal Projects/UniHacks2022/Content/StarterContent/Textures/T_Smoke_Tiled_D.uasset" 68
"../../../../../Kevin/Unreal Projects/UniHacks2022/Content/StarterContent/Textures/T_Smoke_SubUV.uasset" 69
"../../../../../Kevin/Unreal Projects/UniHacks2022/Content/StarterContent/Particles/Materials/M_smoke_subUV.uasset" 70
"../../../Engine/Content/Functions/Engine_MaterialFunctions01/Gradient/RadialGradient.uasset" 71
"../../../../../Kevin/Unreal Projects/UniHacks2022/Content/StarterContent/Particles/Materials/M_radial_ramp.uasset" 72
"../../../../../Kevin/Unreal Projects/UniHacks2022/Content/StarterContent/Particles/Materials/m_flare_01.uasset" 73
"../../../../../Kevin/Unreal Projects/UniHacks2022/Content/StarterContent/Textures/T_Explosion_SubUV.uasset" 74
"../../../../../Kevin/Unreal Projects/UniHacks2022/Content/StarterContent/Particles/Materials/M_explosion_subUV.uasset" 75
"../../../../../Kevin/Unreal Projects/UniHacks2022/Content/StarterContent/Textures/T_Burst_M.uasset" 76
"../../../../../Kevin/Unreal Projects/UniHacks2022/Content/StarterContent/Particles/Materials/M_Burst.uasset" 77
"../../../../../Kevin/Unreal Projects/UniHacks2022/Content/StarterContent/Particles/P_Explosion.uasset" 78
"../../../../../Kevin/Unreal Projects/UniHacks2022/Content/StarterContent/Audio/Explosion_Cue.uasset" 79
"../../../../../Kevin/Unreal Projects/UniHacks2022/Content/StarterContent/Blueprints/Blueprint_Effect_Explosion.uasset" 80
"../../../Engine/Content/EditorMeshes/ColorCalibrator/T_ColorGrid.uasset" 81
"../../../../../Kevin/Unreal Projects/UniHacks2022/Content/StarterContent/Materials/M_ColorGrid_LowSpec.uasset" 82
"../../../../../Kevin/Unreal Projects/UniHacks2022/Content/StarterContent/Textures/T_Bush_N.uasset" 83
"../../../../../Kevin/Unreal Projects/UniHacks2022/Content/StarterContent/Textures/T_Bush_D.uasset" 84
"../../../../../Kevin/Unreal Projects/UniHacks2022/Content/StarterContent/Props/Materials/M_Bush.uasset" 85
"../../../../../Kevin/Unreal Projects/UniHacks2022/Content/StarterContent/Props/SM_Bush.uasset" 86
"../../../../../Kevin/Unreal Projects/UniHacks2022/Content/StarterContent/Textures/T_Chair_N.uasset" 87
"../../../../../Kevin/Unreal Projects/UniHacks2022/Content/StarterContent/Textures/T_Chair_M.uasset" 88
"../../../../../Kevin/Unreal Projects/UniHacks2022/Content/StarterContent/Props/Materials/M_Chair.uasset" 89
"../../../../../Kevin/Unreal Projects/UniHacks2022/Content/StarterContent/Props/SM_Couch.uasset" 90
"../../../../../Kevin/Unreal Projects/UniHacks2022/Content/StarterContent/Textures/T_Door_N.uasset" 91
"../../../../../Kevin/Unreal Projects/UniHacks2022/Content/StarterContent/Textures/T_Door_M.uasset" 92
"../../../../../Kevin/Unreal Projects/UniHacks2022/Content/StarterContent/Props/Materials/M_Door.uasset" 93
"../../../../../Kevin/Unreal Projects/UniHacks2022/Content/StarterContent/Materials/M_Glass.uasset" 94
"../../../../../Kevin/Unreal Projects/UniHacks2022/Content/StarterContent/Props/SM_Door.uasset" 95
"../../../../../Kevin/Unreal Projects/UniHacks2022/Content/StarterContent/Props/Materials/M_MaterialSphere_Plain.uasset" 96
"../../../../../Kevin/Unreal Projects/UniHacks2022/Content/StarterContent/Props/Materials/M_MaterialSphere.uasset" 97
"../../../../../Kevin/Unreal Projects/UniHacks2022/Content/StarterContent/Props/SM_MatPreviewMesh_02.uasset" 98
"../../../../../Kevin/Unreal Projects/UniHacks2022/Content/StarterContent/Textures/T_RockMesh_N.uasset" 99
"../../../../../Kevin/Unreal Projects/UniHacks2022/Content/StarterContent/Textures/T_RockMesh_M.uasset" 100
"../../../../../Kevin/Unreal Projects/UniHacks2022/Content/StarterContent/Textures/T_Rock_Basalt_D.uasset" 101
"../../../Engine/Content/Functions/Engine_MaterialFunctions02/Utility/BlendAngleCorrectedNormals.uasset" 102
"../../../../../Kevin/Unreal Projects/UniHacks2022/Content/StarterContent/Textures/T_Detail_Rocky_N.uasset" 103
"../../../../../Kevin/Unreal Projects/UniHacks2022/Content/StarterContent/Props/Materials/M_Rock.uasset" 104
"../../../../../Kevin/Unreal Projects/UniHacks2022/Content/StarterContent/Props/SM_Rock.uasset" 105
"../../../../../Kevin/Unreal Projects/UniHacks2022/Content/StarterContent/Textures/T_Shelf_N.uasset" 106
"../../../../../Kevin/Unreal Projects/UniHacks2022/Content/StarterContent/Textures/T_Shelf_M.uasset" 107
"../../../../../Kevin/Unreal Projects/UniHacks2022/Content/StarterContent/Props/Materials/M_Shelf.uasset" 108
"../../../../../Kevin/Unreal Projects/UniHacks2022/Content/StarterContent/Props/SM_Shelf.uasset" 109
"../../../../../Kevin/Unreal Projects/UniHacks2022/Content/StarterContent/Materials/M_Basic_Floor.uasset" 110
"../../../../../Kevin/Unreal Projects/UniHacks2022/Content/StarterContent/Props/SM_Stairs.uasset" 111
"../../../../../Kevin/Unreal Projects/UniHacks2022/Content/StarterContent/Shapes/Shape_Cone.uasset" 112
"../../../../../Kevin/Unreal Projects/UniHacks2022/Content/StarterContent/Shapes/Shape_Cylinder.uasset" 113
"../../../../../Kevin/Unreal Projects/UniHacks2022/Content/StarterContent/Shapes/Shape_NarrowCapsule.uasset" 114
"../../../../../Kevin/Unreal Projects/UniHacks2022/Content/StarterContent/Shapes/Shape_Pipe.uasset" 115
"../../../../../Kevin/Unreal Projects/UniHacks2022/Content/StarterContent/Shapes/Shape_Pipe_180.uasset" 116
"../../../../../Kevin/Unreal Projects/UniHacks2022/Content/StarterContent/Shapes/Shape_Pipe_90.uasset" 117
"../../../../../Kevin/Unreal Projects/UniHacks2022/Content/StarterContent/Shapes/Shape_Plane.uasset" 118
"../../../../../Kevin/Unreal Projects/UniHacks2022/Content/StarterContent/Shapes/Shape_Torus.uasset" 119
"../../../../../Kevin/Unreal Projects/UniHacks2022/Content/StarterContent/Shapes/Shape_Trim.uasset" 120
"../../../../../Kevin/Unreal Projects/UniHacks2022/Content/StarterContent/Shapes/Shape_Trim_90_In.uasset" 121
"../../../../../Kevin/Unreal Projects/UniHacks2022/Content/StarterContent/Shapes/Shape_Trim_90_Out.uasset" 122
"../../../../../Kevin/Unreal Projects/UniHacks2022/Content/StarterContent/Shapes/Shape_TriPyramid.uasset" 123
"../../../../../Kevin/Unreal Projects/UniHacks2022/Content/StarterContent/Shapes/Shape_Tube.uasset" 124
"../../../../../Kevin/Unreal Projects/UniHacks2022/Content/StarterContent/Shapes/Shape_Wedge_A.uasset" 125
"../../../../../Kevin/Unreal Projects/UniHacks2022/Content/StarterContent/Shapes/Shape_Wedge_B.uasset" 126
"../../../../../Kevin/Unreal Projects/UniHacks2022/Content/StarterContent/Shapes/Shape_WideCapsule.uasset" 127
"../../../Engine/Content/EngineMaterials/T_Default_Material_Grid_N.uasset" 128
"../../../Engine/Content/EngineMaterials/T_Default_Material_Grid_M.uasset" 129
"../../../Engine/Content/Functions/Engine_MaterialFunctions01/Opacity/CameraDepthFade.uasset" 130
"../../../Engine/Content/EngineMaterials/WorldGridMaterial.uasset" 131
"../../../Engine/Content/ArtTools/RenderToTexture/Meshes/S_1_Unit_Plane.uasset" 132
"../../../Engine/Content/BasicShapes/Cube.uasset" 133
"../../../Engine/Content/BasicShapes/Plane.uasset" 134
"../../../Engine/Content/EngineMaterials/DefaultMaterial.uasset" 135
"../../../Engine/Content/BasicShapes/Sphere.uasset" 136
"../../../Engine/Content/EditorLandscapeResources/DataLayer.uasset" 137
"../../../Engine/Content/EditorLandscapeResources/DefaultAlphaTexture.uasset" 138
"../../../Engine/Content/EditorMaterials/MAT_Groups_Toggle.uasset" 139
"../../../Engine/Content/EditorMaterials/MAT_Groups_Visibility.uasset" 140
"../../../Engine/Content/EditorMaterials/PreviewShadowIndicator.uasset" 141
"../../../Engine/Content/EditorMaterials/PreviewShadowIndicatorMaterial.uasset" 142
"../../../Engine/Content/EditorMaterials/MatineeGroups/MAT_ColorTrack.uasset" 143
"../../../Engine/Content/EditorMaterials/MatineeGroups/MAT_Groups_Anim.uasset" 144
"../../../Engine/Content/EditorMaterials/MatineeGroups/MAT_Groups_AudioMaster.uasset" 145
"../../../Engine/Content/EditorMaterials/MatineeGroups/MAT_Groups_Director.uasset" 146
"../../../Engine/Content/EditorMaterials/MatineeGroups/MAT_Groups_Event.uasset" 147
"../../../Engine/Content/EditorMaterials/MatineeGroups/MAT_Groups_Fade.uasset" 148
"../../../Engine/Content/EditorMaterials/MatineeGroups/MAT_Groups_Float.uasset" 149
"../../../Engine/Content/EditorMaterials/MatineeGroups/MAT_Groups_Move.uasset" 150
"../../../Engine/Content/EditorMaterials/MatineeGroups/MAT_Groups_Slomo.uasset" 151
"../../../Engine/Content/EditorMaterials/MatineeGroups/MAT_Groups_Sound.uasset" 152
"../../../Engine/Content/EditorMaterials/MatineeGroups/MAT_Groups_Vector.uasset" 153
"../../../Engine/Content/EditorMaterials/ParticleSystems/PSysThumbnail_NoImage.uasset" 154
"../../../Engine/Content/EditorMaterials/ParticleSystems/PSysThumbnail_OOD.uasset" 155
"../../../Engine/Content/EditorMaterials/Camera/CineMat.uasset" 156
"../../../Engine/Content/EditorMaterials/Camera/MI_CineMat_Rig.uasset" 157
"../../../Engine/Content/EditorMeshes/Camera/SM_CraneRig_Arm.uasset" 158
"../../../Engine/Content/EditorMeshes/Camera/SM_CraneRig_Base.uasset" 159
"../../../Engine/Content/EditorMeshes/Camera/SM_CraneRig_Body.uasset" 160
"../../../Engine/Content/EditorMeshes/Camera/SM_CraneRig_Mount.uasset" 161
"../../../Engine/Content/EditorMeshes/Camera/SM_RailRig_Mount.uasset" 162
"../../../Engine/Content/EditorMeshes/Camera/SM_RailRig_Track.uasset" 163
"../../../Engine/Content/EditorResources/BSPVertex.uasset" 164
"../../../Engine/Content/EditorResources/EmptyActor.uasset" 165
"../../../Engine/Content/EditorResources/S_Actor.uasset" 166
"../../../Engine/Content/EditorResources/S_Note.uasset" 167
"../../../Engine/Content/EditorResources/S_Solver.uasset" 168
"../../../Engine/Content/EditorResources/S_Terrain.uasset" 169
"../../../Engine/Content/EditorResources/S_Trigger.uasset" 170
"../../../Engine/Content/EditorResources/AudioIcons/S_AudioComponent.uasset" 171
"../../../Engine/Content/EditorResources/AudioIcons/S_AudioComponent_AutoActivate.uasset" 172
"../../../Engine/Content/EditorResources/LightIcons/S_LightError.uasset" 173
"../../../Engine/Content/EditorResources/SequenceRecorder/Countdown.uasset" 174
"../../../Engine/Content/EditorResources/SequenceRecorder/RecordingIndicator.uasset" 175
"../../../Engine/Content/EngineDamageTypes/DmgTypeBP_Environmental.uasset" 176
"../../../Engine/Content/EngineDebugMaterials/DebugEditorMaterial.uasset" 177
"../../../Engine/Content/EngineDebugMaterials/DebugMeshMaterial.uasset" 178
"../../../Engine/Content/EngineDebugMaterials/M_SimpleUnlitTranslucent.uasset" 179
"../../../Engine/Content/EngineDebugMaterials/VolumeToRender.uasset" 180
"../../../Engine/Content/Functions/Engine_MaterialFunctions02/Utility/CameraDirectionVector.uasset" 181
"../../../Engine/Content/EngineDebugMaterials/M_VolumeRenderSphereTracePP.uasset" 182
"../../../Engine/Content/Functions/Engine_MaterialFunctions01/Shading/ConvertFromDiffSpec.uasset" 183
"../../../Engine/Content/EngineDebugMaterials/VertexColorMaterial.uasset" 184
"../../../Engine/Content/EngineDebugMaterials/WireframeMaterial.uasset" 185
"../../../Engine/Content/EngineFonts/Faces/RobotoRegular.uasset" 186
"../../../Engine/Content/EngineFonts/Faces/RobotoLight.uasset" 187
"../../../Engine/Content/EngineFonts/Faces/RobotoItalic.uasset" 188
"../../../Engine/Content/EngineFonts/Faces/RobotoBoldItalic.uasset" 189
"../../../Engine/Content/EngineFonts/Faces/RobotoBold.uasset" 190
"../../../Engine/Content/EngineFonts/Faces/DroidSansFallback.uasset" 191
"../../../Engine/Content/EngineFonts/Roboto.uasset" 192
"../../../Engine/Content/EngineMaterials/BaseFlattenNormalMap.uasset" 193
"../../../Engine/Content/EngineMaterials/BaseFlattenGrayscaleMap.uasset" 194
"../../../Engine/Content/EngineMaterials/BaseFlattenEmissiveMap.uasset" 195
"../../../Engine/Content/EngineMaterials/BaseFlattenDiffuseMap.uasset" 196
"../../../Engine/Content/EngineMaterials/BaseFlattenMaterial.uasset" 197
"../../../Engine/Content/EngineMaterials/BlueNoise.uasset" 198
"../../../Engine/Content/EngineMaterials/DefaultBloomKernel.uasset" 199
"../../../Engine/Content/EngineMaterials/DefaultBokeh.uasset" 200
"../../../Engine/Content/EngineMaterials/DefaultDiffuse.uasset" 201
"../../../Engine/Content/EngineMaterials/DefaultDeferredDecalMaterial.uasset" 202
"../../../Engine/Content/EngineMaterials/DefaultLightFunctionMaterial.uasset" 203
"../../../Engine/Content/EngineMaterials/DefaultPhysicalMaterial.uasset" 204
"../../../Engine/Content/Functions/Engine_MaterialFunctions02/Utility/BreakOutFloat2Components.uasset" 205
"../../../Engine/Content/EngineMaterials/DefaultPostProcessMaterial.uasset" 206
"../../../Engine/Content/EngineFonts/RobotoDistanceField.uasset" 207
"../../../Engine/Content/EngineMaterials/DefaultTextMaterialOpaque.uasset" 208
"../../../Engine/Content/EngineMaterials/DefaultWhiteGrid.uasset" 209
"../../../Engine/Content/EngineMaterials/DefaultWhiteGrid_Low.uasset" 210
"../../../Engine/Content/EngineMaterials/EmissiveMeshMaterial.uasset" 211
"../../../Engine/Content/EngineMaterials/GizmoMaterial.uasset" 212
"../../../Engine/Content/EngineMaterials/Good64x64TilingNoiseHighFreq.uasset" 213
"../../../Engine/Content/EngineMaterials/MiniFont.uasset" 214
"../../../Engine/Content/EngineMaterials/InvalidLightmapSettings.uasset" 215
"../../../Engine/Content/EngineMaterials/M_InvalidLightmapSettings.uasset" 216
"../../../Engine/Content/Functions/Engine_MaterialFunctions02/WorldPositionOffset/CameraOffset.uasset" 217
"../../../Engine/Content/EngineMaterials/PhAT_JointLimitMaterial.uasset" 218
"../../../Engine/Content/EngineMaterials/PreintegratedSkinBRDF.uasset" 219
"../../../Engine/Content/EngineMaterials/RemoveSurfaceMaterial.uasset" 220
"../../../Engine/Content/EngineMaterials/WeightMapPlaceholderTexture.uasset" 221
"../../../Engine/Content/EngineResources/WhiteSquareTexture.uasset" 222
"../../../Engine/Content/EngineMaterials/Widget3DPassThrough.uasset" 223
"../../../Engine/Content/EngineMaterials/Widget3DPassThrough_Masked.uasset" 224
"../../../Engine/Content/EngineMaterials/Widget3DPassThrough_Opaque.uasset" 225
"../../../Engine/Content/EngineMaterials/Widget3DPassThrough_Masked_OneSided.uasset" 226
"../../../Engine/Content/EngineMaterials/Widget3DPassThrough_Opaque_OneSided.uasset" 227
"../../../Engine/Content/EngineMaterials/Widget3DPassThrough_Translucent.uasset" 228
"../../../Engine/Content/EngineMaterials/Widget3DPassThrough_Translucent_OneSided.uasset" 229
"../../../Engine/Content/EngineMeshes/Cylinder.uasset" 230
"../../../Engine/Content/EngineMeshes/Sphere.uasset" 231
"../../../Engine/Content/EngineResources/Black.uasset" 232
"../../../Engine/Content/EngineResources/DefaultTextureCube.uasset" 233
"../../../Engine/Content/EngineResources/DefaultVolumeTexture2D.uasset" 234
"../../../Engine/Content/EngineResources/DefaultVolumeTexture.uasset" 235
"../../../Engine/Content/EngineResources/GradientTexture0.uasset" 236
"../../../Engine/Content/EngineSky/VolumetricClouds/T_NoiseShape64.uasset" 237
"../../../Engine/Content/EngineSky/VolumetricClouds/T_VolumeNoiseShape64.uasset" 238
"../../../Engine/Content/EngineSky/VolumetricClouds/T_NoiseErosion.uasset" 239
"../../../Engine/Content/EngineSky/VolumetricClouds/T_VolumeNoiseErosion32.uasset" 240
"../../../Engine/Content/Functions/Engine_MaterialFunctions02/Utility/MakeFloat2.uasset" 241
"../../../Engine/Content/EngineSky/VolumetricClouds/CloudWeatherTexture.uasset" 242
"../../../Engine/Content/EngineSky/VolumetricClouds/CloudGradientTexture.uasset" 243
"../../../Engine/Content/EngineSky/VolumetricClouds/m_SimpleVolumetricCloud.uasset" 244
"../../../Engine/Content/EngineSky/VolumetricClouds/m_SimpleVolumetricCloud_Inst.uasset" 245
"../../../Engine/Content/EngineSounds/Master.uasset" 246
"../../../Engine/Content/Functions/Engine_MaterialFunctions01/Shading/PowerToRoughness.uasset" 247
"../../../Engine/Content/Maps/Templates/Thumbnails/Default.uasset" 248
"../../../Engine/Content/Maps/Templates/Thumbnails/TimeOfDay.uasset" 249
"../../../Engine/Content/Maps/Templates/Thumbnails/VR-Basic.uasset" 250
"../../../Engine/Content/MobileResources/T_MobileControls_texture.uasset" 251
"../../../Engine/Content/MobileResources/T_MobileMenu2.uasset" 252
"../../../Engine/Content/MobileResources/HUD/AnalogHat.uasset" 253
"../../../Engine/Content/MobileResources/HUD/VirtualJoystick_Thumb.uasset" 254
"../../../Engine/Content/MobileResources/HUD/VirtualJoystick_Background.uasset" 255
"../../../Engine/Content/MobileResources/HUD/DefaultVirtualJoysticks.uasset" 256
"../../../Engine/Content/MobileResources/HUD/LeftVirtualJoystickOnly.uasset" 257
"../../../Engine/Content/MobileResources/HUD/MobileHUDButton1_off.uasset" 258
"../../../Engine/Content/MobileResources/HUD/MobileHUDButton1_on.uasset" 259
"../../../Engine/Content/MobileResources/HUD/MobileHUDButton2_off.uasset" 260
"../../../Engine/Content/MobileResources/HUD/MobileHUDButton2_on.uasset" 261
"../../../Engine/Content/MobileResources/HUD/MobileHUDButton3.uasset" 262
"../../../Engine/Content/MobileResources/HUD/MobileHUDButtonFire.uasset" 263
"../../../Engine/Content/MobileResources/HUD/MobileHUDDirectionPad.uasset" 264
"../../../Engine/Content/MobileResources/HUD/MobileHUDDirectionPad2.uasset" 265
"../../../Engine/Content/MobileResources/HUD/MobileHUDDirectionPad3.uasset" 266
"../../../Engine/Content/MobileResources/HUD/MobileHUDDirectionStick.uasset" 267
"../../../Engine/Content/MobileResources/HUD/T_Castle_ThumbstickInner.uasset" 268
"../../../Engine/Content/MobileResources/HUD/T_Castle_ThumbstickOutter.uasset" 269
"../../../Engine/Content/Tutorial/ContentIntroCurve.uasset" 270
"../../../Engine/Content/Tutorial/Basics/LevelEditorAttract.uasset" 271
"../../../Engine/Content/Tutorial/Basics/TutorialAssets/icon_tab_Levels_40x.uasset" 272
"../../../Engine/Content/Tutorial/Basics/LevelEditorOverview.uasset" 273
"../../../Engine/Content/Tutorial/BlueprintTutorials/TutorialAssets/Blueprint_64x.uasset" 274
"../../../Engine/Content/Tutorial/BlueprintTutorials/BlueprintEditorTutorial.uasset" 275
"../../../Engine/Content/Tutorial/Landscape/TutorialAssets/Landscape.uasset" 276
"../../../Engine/Content/Tutorial/Landscape/LandscapeWalkThrough.uasset" 277
"../../../Engine/Content/Tutorial/Landscape/Landscape_Manage_Mode.uasset" 278
"../../../Engine/Content/EditorBlueprintResources/StandardMacros.uasset" 279
"../../../Engine/Content/Tutorial/Landscape/Landscape_Painting_Mode.uasset" 280
"../../../Engine/Content/Tutorial/Landscape/Landscape_Sculpt_Mode.uasset" 281
"../../../Engine/Content/VREditor/TransformGizmo/TranslucentTransformGizmoMaterial.uasset" 282
"../../../Engine/Content/VREditor/LaserPointer/VR_LaserPower_01.uasset" 283
"../../../Engine/Content/VREditor/TransformGizmo/TransformGizmoMaterial.uasset" 284
"../../../Engine/Content/VREditor/TransformGizmo/BoundingBoxCorner.uasset" 285
"../../../Engine/Content/VREditor/TransformGizmo/BoundingBoxEdge.uasset" 286
"../../../Engine/Content/VREditor/TransformGizmo/PlaneTranslationHandle.uasset" 287
"../../../Engine/Content/VREditor/TransformGizmo/Xray.uasset" 288
"../../../Engine/Content/VREditor/TransformGizmo/Main.uasset" 289
"../../../Engine/Content/VREditor/TransformGizmo/SM_Sequencer_Key.uasset" 290
"../../../Engine/Content/VREditor/TransformGizmo/SM_Sequencer_Node.uasset" 291
"../../Plugins/2D/Paper2D/Content/PlaceholderTextures/DummySpriteTexture.uasset" 292
"../../Plugins/2D/Paper2D/Content/DummySprite.uasset" 293
"../../Plugins/2D/Paper2D/Content/DefaultPaperTerrainMaterial.uasset" 294
"../../Plugins/2D/Paper2D/Content/DefaultSpriteMaterial.uasset" 295
"../../Plugins/2D/Paper2D/Content/MaskedUnlitSpriteMaterial.uasset" 296
"../../../Engine/Content/Functions/Engine_MaterialFunctions02/SafeNormalize.uasset" 297
"../../../Engine/Content/Functions/Engine_MaterialFunctions02/Utility/BreakOutFloat3Components.uasset" 298
"../../Plugins/Editor/SpeedTreeImporter/Content/SpeedTree9/UnpackInteger3.uasset" 299
"../../Plugins/Editor/SpeedTreeImporter/Content/SpeedTree9/UnpackDirection.uasset" 300
"../../Plugins/Editor/SpeedTreeImporter/Content/SpeedTree9/game_wind_noise.uasset" 301
"../../Plugins/Editor/SpeedTreeImporter/Content/SpeedTree9/SpeedTreeWindMotion.uasset" 302
"../../Plugins/Editor/SpeedTreeImporter/Content/SpeedTree9/SpeedTreeBranchMotion.uasset" 303
"../../../Engine/Content/Functions/Engine_MaterialFunctions02/ObjectLocalBounds.uasset" 304
"../../../Engine/Content/Functions/Engine_MaterialFunctions02/UVs/BoundingBoxBased_0-1_UVW.uasset" 305
"../../Plugins/Editor/SpeedTreeImporter/Content/SpeedTree9/SpeedTreeWind.uasset" 306
"../../Plugins/Editor/SpeedTreeImporter/Content/SpeedTree9/SpeedTreeBillboard.uasset" 307
"../../../Engine/Content/EngineResources/DefaultTexture.uasset" 308
"../../Plugins/Editor/SpeedTreeImporter/Content/SpeedTree9/SpeedTreeBillboardMaster.uasset" 309
"../../Plugins/Editor/SpeedTreeImporter/Content/SpeedTree9/SpeedTreeCameraFacing.uasset" 310
"../../Plugins/Editor/SpeedTreeImporter/Content/SpeedTree9/SpeedTreeMaster.uasset" 311
"../../../Engine/Content/ArtTools/RenderToTexture/Materials/Debug/M_Emissive_Color.uasset" 312
"../../../Engine/Content/BasicShapes/Cylinder.uasset" 313
"../../Plugins/Lumin/MagicLeapPassableWorld/Content/MagicLeapARPinInfoActor.uasset" 314
"../../../Engine/Content/Functions/Engine_MaterialFunctions02/Utility/MakeFloat3.uasset" 315
"../../../Engine/Content/Functions/Engine_MaterialFunctions02/Utility/BreakOutFloat4Components.uasset" 316
"../../Plugins/Runtime/Oculus/OculusVR/Content/Materials/OculusMR_ChromaKey.uasset" 317
"../../Plugins/Runtime/Oculus/OculusVR/Content/Materials/OculusMR_OpaqueColoredMaterial.uasset" 318
"../../Plugins/Runtime/Oculus/OculusVR/Content/Materials/PokeAHoleMaterial.uasset" 319
"../../../../../Kevin/Unreal Projects/UniHacks2022/Content/Levels/MainMenu/SSS_MainMenuScreen.uasset" 320
"../../../../../Kevin/Unreal Projects/UniHacks2022/Content/Levels/MainMenu/PauseWidget.uasset" 321
"../../../../../Kevin/Unreal Projects/UniHacks2022/Content/Levels/HubWorld/IntroWidget/MainInfoScreen.uasset" 322
"../../../../../Kevin/Unreal Projects/UniHacks2022/Content/Levels/HubWorld/IntroWidget/IntroductionWidget.uasset" 323
"../../../Engine/Content/MapTemplates/T_ScreenDirt02_w.uasset" 324
"../../../Engine/Content/MapTemplates/Bokeh_5Sides.uasset" 325
"../../../Engine/Content/BasicShapes/Cone.uasset" 326
"../../../Engine/Content/VREditor/UI/ArrowMaterial.uasset" 327
"../../../../../Kevin/Unreal Projects/UniHacks2022/Content/Levels/HubWorld/Step1Trigger/Step1.uasset" 328
"../../../../../Kevin/Unreal Projects/UniHacks2022/Content/2dSideScroller/Textures/2DBackgroundBlockAtlas.uasset" 329
"../../../../../Kevin/Unreal Projects/UniHacks2022/Content/2DSideScroller/Sprites/Ledge.uasset" 330
"../../../../../Kevin/Unreal Projects/UniHacks2022/Content/2dSideScroller/Textures/2DBackground.uasset" 331
"../../Plugins/2D/Paper2D/Content/OpaqueUnlitSpriteMaterial.uasset" 332
"../../../../../Kevin/Unreal Projects/UniHacks2022/Content/2DSideScroller/Sprites/Background_Sprite.uasset" 333
"../../../../../Kevin/Unreal Projects/UniHacks2022/Content/Levels/HubWorld/HUBWorld1.umap" 334
"../../../../../Kevin/Unreal Projects/UniHacks2022/Content/Levels/Step2/Screens/A_A_Screen_2.uasset" 335
"../../../../../Kevin/Unreal Projects/UniHacks2022/Content/Levels/Step2/Screens/AudiencesScreen2.uasset" 336
"../../../../../Kevin/Unreal Projects/UniHacks2022/Content/Levels/Step2/Screens/A_A_Screen_1.uasset" 337
"../../../../../Kevin/Unreal Projects/UniHacks2022/Content/Levels/Step2/Screens/AudiencesScreen1.uasset" 338
"../../../../../Kevin/Unreal Projects/UniHacks2022/Content/Levels/HubWorld/Step1Trigger/Step4.uasset" 339
"../../../../../Kevin/Unreal Projects/UniHacks2022/Content/Levels/HubWorld/Step1Trigger/Step3.uasset" 340
"../../../../../Kevin/Unreal Projects/UniHacks2022/Content/Levels/HubWorld/Step1Trigger/Step2.uasset" 341
"../../../../../Kevin/Unreal Projects/UniHacks2022/Content/Levels/HubWorld/HUBWorld2.umap" 342
"../../../../../Kevin/Unreal Projects/UniHacks2022/Content/Levels/Step3/Screens/RevenueCosts_Screen_1.uasset" 343
"../../../../../Kevin/Unreal Projects/UniHacks2022/Content/Levels/Step3/Screens/RevenueScreen2.uasset" 344
"../../../../../Kevin/Unreal Projects/UniHacks2022/Content/Levels/Step3/Screens/RevenueCosts_Screen_2.uasset" 345
"../../../../../Kevin/Unreal Projects/UniHacks2022/Content/Levels/Step3/Screens/RevenueScreen1.uasset" 346
"../../../../../Kevin/Unreal Projects/UniHacks2022/Content/Levels/HubWorld/HUBWorld3.umap" 347
"../../../../../Kevin/Unreal Projects/UniHacks2022/Content/Levels/Step4/Screens/Step_4_Screen1.uasset" 348
"../../../../../Kevin/Unreal Projects/UniHacks2022/Content/Levels/Step4/Screens/FinalStepWidget.uasset" 349
"../../../../../Kevin/Unreal Projects/UniHacks2022/Content/Levels/HubWorld/HUBWorld4.umap" 350
"../../../../../Kevin/Unreal Projects/UniHacks2022/Content/Levels/MainMenu/MainMenu_BuiltData.uasset" 351
"../../../../../Kevin/Unreal Projects/UniHacks2022/Content/Levels/MainMenu/What_is_Ent.uasset" 352
"../../../../../Kevin/Unreal Projects/UniHacks2022/Content/Levels/MainMenu/InfoWidget.uasset" 353
"../../../../../Kevin/Unreal Projects/UniHacks2022/Content/Levels/MainMenu/MainMenuWidget.uasset" 354
"../../../../../Kevin/Unreal Projects/UniHacks2022/Content/Levels/MainMenu/MainMenu.umap" 355
"../../../../../Kevin/Unreal Projects/UniHacks2022/Content/Levels/Step1/Screens/Budget_Screen_3.uasset" 356
"../../../../../Kevin/Unreal Projects/UniHacks2022/Content/Levels/Step1/Screens/BudgetScreen3.uasset" 357
"../../../../../Kevin/Unreal Projects/UniHacks2022/Content/Levels/Step1/Screens/Budget_Screen_2.uasset" 358
"../../../../../Kevin/Unreal Projects/UniHacks2022/Content/Levels/Step1/Screens/BudgetScreen2.uasset" 359
"../../../../../Kevin/Unreal Projects/UniHacks2022/Content/Levels/Step1/Screens/Budget_Screen_1.uasset" 360
"../../../../../Kevin/Unreal Projects/UniHacks2022/Content/Levels/Step1/Screens/BudgetScreen1.uasset" 361
"../../../../../Kevin/Unreal Projects/UniHacks2022/Content/Levels/Step1/Step1Level.umap" 362
"../../../../../Kevin/Unreal Projects/UniHacks2022/Content/Levels/Step2/Step2Level.umap" 363
"../../../../../Kevin/Unreal Projects/UniHacks2022/Content/Levels/Step3/Step3Level.umap" 364
"../../../../../Kevin/Unreal Projects/UniHacks2022/Content/Levels/Step4/Step4Level.umap" 365
"../../../Engine/Content/EditorMeshes/ColorCalibrator/M_GreyBall.uasset" 366
"../../../Engine/Content/EditorMeshes/ColorCalibrator/Color_checker.uasset" 367
"../../../Engine/Content/EditorMeshes/ColorCalibrator/M_ColorGrid.uasset" 368
"../../../Engine/Content/EditorMeshes/ColorCalibrator/M_ClearCoatBlack.uasset" 369
"../../../Engine/Content/EditorMeshes/ColorCalibrator/M_ClearCoat.uasset" 370
"../../../Engine/Content/EditorMeshes/ColorCalibrator/M_ChromeBall.uasset" 371
"../../../Engine/Content/EditorMeshes/ColorCalibrator/SM_ColorCalibrator.uasset" 372
"../../../../../Kevin/Unreal Projects/UniHacks2022/Content/StarterContent/Maps/Advanced_Lighting_BuiltData.uasset" 373
"../../../../../Kevin/Unreal Projects/UniHacks2022/Content/StarterContent/HDRI/HDRI_Epic_Courtyard_Daylight.uasset" 374
"../../../Engine/Content/MapTemplates/Sky/DaylightAmbientCubemap.uasset" 375
"../../../../../Kevin/Unreal Projects/UniHacks2022/Content/StarterContent/Blueprints/Assets/M_LightStage_Skybox_Master.uasset" 376
"../../../../../Kevin/Unreal Projects/UniHacks2022/Content/StarterContent/Blueprints/Assets/M_LightStage_Skybox_HDRI.uasset" 377
"../../../../../Kevin/Unreal Projects/UniHacks2022/Content/StarterContent/Blueprints/Assets/M_LightStage_Arrows.uasset" 378
"../../../../../Kevin/Unreal Projects/UniHacks2022/Content/StarterContent/Blueprints/Assets/SM_Arrows.uasset" 379
"../../../Engine/Content/EditorMaterials/Thumbnails/SkySphereMaterial.uasset" 380
"../../../../../Kevin/Unreal Projects/UniHacks2022/Content/StarterContent/Blueprints/Assets/Skybox.uasset" 381
"../../../../../Kevin/Unreal Projects/UniHacks2022/Content/StarterContent/Blueprints/Assets/M_LightStage_Skybox_Black.uasset" 382
"../../../../../Kevin/Unreal Projects/UniHacks2022/Content/StarterContent/Blueprints/Assets/SunlightColorLUT.uasset" 383
"../../../../../Kevin/Unreal Projects/UniHacks2022/Content/StarterContent/Blueprints/Assets/FogBrightnessLUT.uasset" 384
"../../../../../Kevin/Unreal Projects/UniHacks2022/Content/StarterContent/Blueprints/BP_LightStudio.uasset" 385
"../../../../../Kevin/Unreal Projects/UniHacks2022/Content/StarterContent/Materials/M_AssetPlatform.uasset" 386
"../../../../../Kevin/Unreal Projects/UniHacks2022/Content/StarterContent/Architecture/SM_AssetPlatform.uasset" 387
"../../../../../Kevin/Unreal Projects/UniHacks2022/Content/StarterContent/Maps/Advanced_Lighting.umap" 388
"../../../../../Kevin/Unreal Projects/UniHacks2022/Content/StarterContent/Textures/T_TableRound_N.uasset" 389
"../../../../../Kevin/Unreal Projects/UniHacks2022/Content/StarterContent/Textures/T_TableRound_M.uasset" 390
"../../../../../Kevin/Unreal Projects/UniHacks2022/Content/StarterContent/Props/Materials/M_TableRound.uasset" 391
"../../../../../Kevin/Unreal Projects/UniHacks2022/Content/StarterContent/Props/SM_TableRound.uasset" 392
"../../../../../Kevin/Unreal Projects/UniHacks2022/Content/StarterContent/Textures/T_Statue_N.uasset" 393
"../../../../../Kevin/Unreal Projects/UniHacks2022/Content/StarterContent/Textures/T_Statue_M.uasset" 394
"../../../../../Kevin/Unreal Projects/UniHacks2022/Content/StarterContent/Props/Materials/M_Statue.uasset" 395
"../../../../../Kevin/Unreal Projects/UniHacks2022/Content/StarterContent/Props/Materials/M_StatueGlass.uasset" 396
"../../../../../Kevin/Unreal Projects/UniHacks2022/Content/StarterContent/Props/SM_Statue.uasset" 397
"../../../../../Kevin/Unreal Projects/UniHacks2022/Content/StarterContent/Props/SM_Chair.uasset" 398
"../../../../../Kevin/Unreal Projects/UniHacks2022/Content/StarterContent/Textures/T_Metal_Copper_D.uasset" 399
"../../../../../Kevin/Unreal Projects/UniHacks2022/Content/StarterContent/Textures/T_Metal_Gold_N.uasset" 400
"../../../../../Kevin/Unreal Projects/UniHacks2022/Content/StarterContent/Textures/T_MacroVariation.uasset" 401
"../../../../../Kevin/Unreal Projects/UniHacks2022/Content/StarterContent/Materials/M_Metal_Copper.uasset" 402
"../../../../../Kevin/Unreal Projects/UniHacks2022/Content/StarterContent/Textures/T_Metal_Aluminum_D.uasset" 403
"../../../../../Kevin/Unreal Projects/UniHacks2022/Content/StarterContent/Materials/M_Metal_Burnished_Steel.uasset" 404
"../../../../../Kevin/Unreal Projects/UniHacks2022/Content/StarterContent/Materials/M_Metal_Brushed_Nickel.uasset" 405
"../../../Engine/Content/EngineSky/T_Sky_Stars.uasset" 406
"../../../Engine/Content/EngineSky/T_Sky_Clouds_M.uasset" 407
"../../../Engine/Content/EngineSky/T_Sky_Blue.uasset" 408
"../../../Engine/Content/EngineSky/M_Sky_Panning_Clouds2.uasset" 409
"../../../../../Kevin/Unreal Projects/UniHacks2022/Content/StarterContent/Maps/Minimal_Default_BuiltData.uasset" 410
"../../../Engine/Content/EngineSky/SM_SkySphere.uasset" 411
"../../../Engine/Content/EngineSky/C_Sky_Zenith_Color.uasset" 412
"../../../Engine/Content/EngineSky/C_Sky_Horizon_Color.uasset" 413
"../../../Engine/Content/EngineSky/C_Sky_Cloud_Color.uasset" 414
"../../../Engine/Content/EngineSky/BP_Sky_Sphere.uasset" 415
"../../../../../Kevin/Unreal Projects/UniHacks2022/Content/StarterContent/Audio/Starter_Background_Cue.uasset" 416
"../../../../../Kevin/Unreal Projects/UniHacks2022/Content/StarterContent/Architecture/Floor_400x400.uasset" 417
"../../../../../Kevin/Unreal Projects/UniHacks2022/Content/StarterContent/Maps/Minimal_Default.umap" 418
"../../../../../Kevin/Unreal Projects/UniHacks2022/Content/StarterContent/Shapes/Shape_Sphere.uasset" 419
"../../../../../Kevin/Unreal Projects/UniHacks2022/Content/StarterContent/Shapes/Shape_QuadPyramid.uasset" 420
"../../../../../Kevin/Unreal Projects/UniHacks2022/Content/StarterContent/Shapes/Shape_Cube.uasset" 421
"../../../../../Kevin/Unreal Projects/UniHacks2022/Content/StarterContent/Textures/T_Frame_N.uasset" 422
"../../../../../Kevin/Unreal Projects/UniHacks2022/Content/StarterContent/Textures/T_Frame_M.uasset" 423
"../../../../../Kevin/Unreal Projects/UniHacks2022/Content/StarterContent/Props/Materials/M_Frame.uasset" 424
"../../../../../Kevin/Unreal Projects/UniHacks2022/Content/StarterContent/Props/SM_WindowFrame.uasset" 425
"../../../../../Kevin/Unreal Projects/UniHacks2022/Content/StarterContent/Props/SM_PillarFrame300.uasset" 426
"../../../../../Kevin/Unreal Projects/UniHacks2022/Content/StarterContent/Props/SM_PillarFrame.uasset" 427
"../../../../../Kevin/Unreal Projects/UniHacks2022/Content/StarterContent/Props/SM_GlassWindow.uasset" 428
"../../../../../Kevin/Unreal Projects/UniHacks2022/Content/StarterContent/Props/SM_DoorFrame.uasset" 429
"../../../../../Kevin/Unreal Projects/UniHacks2022/Content/StarterContent/Props/SM_CornerFrame.uasset" 430
"../../../../../Kevin/Unreal Projects/UniHacks2022/Content/StarterContent/Props/MaterialSphere.uasset" 431
"../../../../../Kevin/Unreal Projects/UniHacks2022/Content/StarterContent/Textures/T_Dust_Particle_D.uasset" 432
"../../../../../Kevin/Unreal Projects/UniHacks2022/Content/StarterContent/Particles/Materials/M_Dust_Particle.uasset" 433
"../../../../../Kevin/Unreal Projects/UniHacks2022/Content/StarterContent/Particles/P_Ambient_Dust.uasset" 434
"../../../../../Kevin/Unreal Projects/UniHacks2022/Content/StarterContent/Textures/T_Wood_Walnut_N.uasset" 435
"../../../../../Kevin/Unreal Projects/UniHacks2022/Content/StarterContent/Textures/T_Wood_Walnut_D.uasset" 436
"../../../../../Kevin/Unreal Projects/UniHacks2022/Content/StarterContent/Materials/M_Wood_Walnut.uasset" 437
"../../../../../Kevin/Unreal Projects/UniHacks2022/Content/StarterContent/Textures/T_Wood_Pine_N.uasset" 438
"../../../../../Kevin/Unreal Projects/UniHacks2022/Content/StarterContent/Textures/T_Wood_Pine_D.uasset" 439
"../../../../../Kevin/Unreal Projects/UniHacks2022/Content/StarterContent/Textures/T_Perlin_Noise_M.uasset" 440
"../../../../../Kevin/Unreal Projects/UniHacks2022/Content/StarterContent/Materials/M_Wood_Pine.uasset" 441
"../../../../../Kevin/Unreal Projects/UniHacks2022/Content/StarterContent/Textures/T_Wood_Oak_N.uasset" 442
"../../../../../Kevin/Unreal Projects/UniHacks2022/Content/StarterContent/Textures/T_Wood_Oak_D.uasset" 443
"../../../../../Kevin/Unreal Projects/UniHacks2022/Content/StarterContent/Materials/M_Wood_Oak.uasset" 444
"../../../Engine/Content/Functions/Engine_MaterialFunctions01/Opacity/AlphaOffset.uasset" 445
"../../../../../Kevin/Unreal Projects/UniHacks2022/Content/StarterContent/Textures/T_Wood_Floor_Walnut_N.uasset" 446
"../../../../../Kevin/Unreal Projects/UniHacks2022/Content/StarterContent/Textures/T_Wood_Floor_Walnut_M.uasset" 447
"../../../../../Kevin/Unreal Projects/UniHacks2022/Content/StarterContent/Textures/T_Wood_Floor_Walnut_D.uasset" 448
"../../../../../Kevin/Unreal Projects/UniHacks2022/Content/StarterContent/Materials/M_Wood_Floor_Walnut_Worn.uasset" 449
"../../../../../Kevin/Unreal Projects/UniHacks2022/Content/StarterContent/Materials/M_Wood_Floor_Walnut_Polished.uasset" 450
"../../../../../Kevin/Unreal Projects/UniHacks2022/Content/StarterContent/Textures/T_Water_M.uasset" 451
"../../../../../Kevin/Unreal Projects/UniHacks2022/Content/StarterContent/Textures/T_Water_N.uasset" 452
"../../../../../Kevin/Unreal Projects/UniHacks2022/Content/StarterContent/Materials/M_Water_Ocean.uasset" 453
"../../../../../Kevin/Unreal Projects/UniHacks2022/Content/StarterContent/Materials/M_Water_Lake.uasset" 454
"../../../../../Kevin/Unreal Projects/UniHacks2022/Content/StarterContent/Textures/T_Tech_Panel_N.uasset" 455
"../../../../../Kevin/Unreal Projects/UniHacks2022/Content/StarterContent/Textures/T_Tech_Panel_M.uasset" 456
"../../../../../Kevin/Unreal Projects/UniHacks2022/Content/StarterContent/Textures/T_Metal_Steel_D.uasset" 457
"../../../../../Kevin/Unreal Projects/UniHacks2022/Content/StarterContent/Materials/M_Tech_Panel.uasset" 458
"../../../../../Kevin/Unreal Projects/UniHacks2022/Content/StarterContent/Textures/T_Tech_Hex_Tile_N.uasset" 459
"../../../../../Kevin/Unreal Projects/UniHacks2022/Content/StarterContent/Textures/T_Tech_Hex_Tile_M.uasset" 460
"../../../../../Kevin/Unreal Projects/UniHacks2022/Content/StarterContent/Materials/M_Tech_Hex_Tile_Pulse.uasset" 461
"../../../../../Kevin/Unreal Projects/UniHacks2022/Content/StarterContent/Materials/M_Tech_Hex_Tile.uasset" 462
"../../../../../Kevin/Unreal Projects/UniHacks2022/Content/StarterContent/Textures/T_Tech_Dot_N.uasset" 463
"../../../../../Kevin/Unreal Projects/UniHacks2022/Content/StarterContent/Textures/T_Tech_Dot_M.uasset" 464
"../../../../../Kevin/Unreal Projects/UniHacks2022/Content/StarterContent/Textures/T_Single_Tile_N.uasset" 465
"../../../../../Kevin/Unreal Projects/UniHacks2022/Content/StarterContent/Textures/T_Checker_Noise_M.uasset" 466
"../../../../../Kevin/Unreal Projects/UniHacks2022/Content/StarterContent/Materials/M_Tech_Checker_Dot.uasset" 467
"../../../../../Kevin/Unreal Projects/UniHacks2022/Content/StarterContent/Textures/T_Rock_Slate_N.uasset" 468
"../../../../../Kevin/Unreal Projects/UniHacks2022/Content/StarterContent/Textures/T_Rock_Slate_D.uasset" 469
"../../../../../Kevin/Unreal Projects/UniHacks2022/Content/StarterContent/Materials/M_Rock_Slate.uasset" 470
"../../../../../Kevin/Unreal Projects/UniHacks2022/Content/StarterContent/Textures/T_Rock_Sandstone_N.uasset" 471
"../../../../../Kevin/Unreal Projects/UniHacks2022/Content/StarterContent/Textures/T_Rock_Sandstone_D.uasset" 472
"../../../../../Kevin/Unreal Projects/UniHacks2022/Content/StarterContent/Materials/M_Rock_Sandstone.uasset" 473
"../../../../../Kevin/Unreal Projects/UniHacks2022/Content/StarterContent/Textures/T_Rock_Marble_Polished_D.uasset" 474
"../../../../../Kevin/Unreal Projects/UniHacks2022/Content/StarterContent/Materials/M_Rock_Marble_Polished.uasset" 475
"../../../../../Kevin/Unreal Projects/UniHacks2022/Content/StarterContent/Textures/T_Rock_Basalt_N.uasset" 476
"../../../../../Kevin/Unreal Projects/UniHacks2022/Content/StarterContent/Materials/M_Rock_Basalt.uasset" 477
"../../../../../Kevin/Unreal Projects/UniHacks2022/Content/StarterContent/Textures/T_Metal_Steel_N.uasset" 478
"../../../../../Kevin/Unreal Projects/UniHacks2022/Content/StarterContent/Materials/M_Metal_Steel.uasset" 479
"../../../../../Kevin/Unreal Projects/UniHacks2022/Content/StarterContent/Textures/T_Metal_Rust_D.uasset" 480
"../../../../../Kevin/Unreal Projects/UniHacks2022/Content/StarterContent/Textures/T_Metal_Rust_N.uasset" 481
"../../../../../Kevin/Unreal Projects/UniHacks2022/Content/StarterContent/Materials/M_Metal_Rust.uasset" 482
"../../../../../Kevin/Unreal Projects/UniHacks2022/Content/StarterContent/Textures/T_Metal_Gold_D.uasset" 483
"../../../../../Kevin/Unreal Projects/UniHacks2022/Content/StarterContent/Materials/M_Metal_Gold.uasset" 484
"../../../../../Kevin/Unreal Projects/UniHacks2022/Content/StarterContent/Materials/M_Metal_Chrome.uasset" 485
"../../../../../Kevin/Unreal Projects/UniHacks2022/Content/StarterContent/Textures/T_Ground_Moss_N.uasset" 486
"../../../../../Kevin/Unreal Projects/UniHacks2022/Content/StarterContent/Textures/T_ground_Moss_D.uasset" 487
"../../../../../Kevin/Unreal Projects/UniHacks2022/Content/StarterContent/Materials/M_Ground_Moss.uasset" 488
"../../../../../Kevin/Unreal Projects/UniHacks2022/Content/StarterContent/Textures/T_Ground_Gravel_N.uasset" 489
"../../../../../Kevin/Unreal Projects/UniHacks2022/Content/StarterContent/Textures/T_Ground_Gravel_D.uasset" 490
"../../../../../Kevin/Unreal Projects/UniHacks2022/Content/StarterContent/Materials/M_Ground_Gravel.uasset" 491
"../../../../../Kevin/Unreal Projects/UniHacks2022/Content/StarterContent/Textures/T_Ground_Grass_N.uasset" 492
"../../../../../Kevin/Unreal Projects/UniHacks2022/Content/StarterContent/Textures/T_Ground_Grass_D.uasset" 493
"../../../../../Kevin/Unreal Projects/UniHacks2022/Content/StarterContent/Materials/M_Ground_Grass.uasset" 494
"../../../../../Kevin/Unreal Projects/UniHacks2022/Content/StarterContent/Textures/T_Concrete_Tiles_Variation_M.uasset" 495
"../../../../../Kevin/Unreal Projects/UniHacks2022/Content/StarterContent/Textures/T_Concrete_Tiles_N.uasset" 496
"../../../../../Kevin/Unreal Projects/UniHacks2022/Content/StarterContent/Textures/T_Concrete_Tiles_M.uasset" 497
"../../../../../Kevin/Unreal Projects/UniHacks2022/Content/StarterContent/Textures/T_Concrete_Tiles_D.uasset" 498
"../../../../../Kevin/Unreal Projects/UniHacks2022/Content/StarterContent/Materials/M_Concrete_Tiles.uasset" 499
"../../../../../Kevin/Unreal Projects/UniHacks2022/Content/StarterContent/Textures/T_Concrete_Panels_N.uasset" 500
"../../../../../Kevin/Unreal Projects/UniHacks2022/Content/StarterContent/Textures/T_Concrete_Panels_D.uasset" 501
"../../../../../Kevin/Unreal Projects/UniHacks2022/Content/StarterContent/Materials/M_Concrete_Panels.uasset" 502
"../../../../../Kevin/Unreal Projects/UniHacks2022/Content/StarterContent/Textures/T_Concrete_Grime_D.uasset" 503
"../../../../../Kevin/Unreal Projects/UniHacks2022/Content/StarterContent/Materials/M_Concrete_Grime.uasset" 504
"../../../../../Kevin/Unreal Projects/UniHacks2022/Content/StarterContent/Textures/T_CobbleStone_Smooth_N.uasset" 505
"../../../../../Kevin/Unreal Projects/UniHacks2022/Content/StarterContent/Textures/T_CobbleStone_Smooth_M.uasset" 506
"../../../../../Kevin/Unreal Projects/UniHacks2022/Content/StarterContent/Textures/T_CobbleStone_Smooth_D.uasset" 507
"../../../../../Kevin/Unreal Projects/UniHacks2022/Content/StarterContent/Textures/T_Rock_Smooth_Granite_D.uasset" 508
"../../../../../Kevin/Unreal Projects/UniHacks2022/Content/StarterContent/Textures/T_Gradinet_01.uasset" 509
"../../../../../Kevin/Unreal Projects/UniHacks2022/Content/StarterContent/Materials/M_CobbleStone_Smooth.uasset" 510
"../../../../../Kevin/Unreal Projects/UniHacks2022/Content/StarterContent/Textures/T_CobbleStone_Rough_N.uasset" 511
"../../../../../Kevin/Unreal Projects/UniHacks2022/Content/StarterContent/Textures/T_CobbleStone_Rough_D.uasset" 512
"../../../../../Kevin/Unreal Projects/UniHacks2022/Content/StarterContent/Materials/M_CobbleStone_Rough.uasset" 513
"../../../../../Kevin/Unreal Projects/UniHacks2022/Content/StarterContent/Textures/T_CobbleStone_Pebble_N.uasset" 514
"../../../../../Kevin/Unreal Projects/UniHacks2022/Content/StarterContent/Textures/T_CobbleStone_Pebble_M.uasset" 515
"../../../../../Kevin/Unreal Projects/UniHacks2022/Content/StarterContent/Textures/T_CobbleStone_Pebble_D.uasset" 516
"../../../../../Kevin/Unreal Projects/UniHacks2022/Content/StarterContent/Materials/M_CobbleStone_Pebble.uasset" 517
"../../../../../Kevin/Unreal Projects/UniHacks2022/Content/StarterContent/Textures/T_Ceramic_Tile_N.uasset" 518
"../../../../../Kevin/Unreal Projects/UniHacks2022/Content/StarterContent/Textures/T_Ceramic_Tile_M.uasset" 519
"../../../../../Kevin/Unreal Projects/UniHacks2022/Content/StarterContent/Materials/M_Ceramic_Tile_Checker.uasset" 520
"../../../../../Kevin/Unreal Projects/UniHacks2022/Content/StarterContent/Textures/T_Brick_Hewn_Stone_N.uasset" 521
"../../../../../Kevin/Unreal Projects/UniHacks2022/Content/StarterContent/Textures/T_Brick_Hewn_Stone_M.uasset" 522
"../../../../../Kevin/Unreal Projects/UniHacks2022/Content/StarterContent/Textures/T_Brick_Hewn_Stone_D.uasset" 523
"../../../../../Kevin/Unreal Projects/UniHacks2022/Content/StarterContent/Materials/M_Brick_Hewn_Stone.uasset" 524
"../../../../../Kevin/Unreal Projects/UniHacks2022/Content/StarterContent/Textures/T_Brick_Cut_Stone_N.uasset" 525
"../../../../../Kevin/Unreal Projects/UniHacks2022/Content/StarterContent/Textures/T_Brick_Cut_Stone_D.uasset" 526
"../../../../../Kevin/Unreal Projects/UniHacks2022/Content/StarterContent/Materials/M_Brick_Cut_Stone.uasset" 527
"../../../../../Kevin/Unreal Projects/UniHacks2022/Content/StarterContent/Textures/T_Brick_Clay_Old_N.uasset" 528
"../../../../../Kevin/Unreal Projects/UniHacks2022/Content/StarterContent/Textures/T_Brick_Clay_Old_D.uasset" 529
"../../../../../Kevin/Unreal Projects/UniHacks2022/Content/StarterContent/Materials/M_Brick_Clay_Old.uasset" 530
"../../../../../Kevin/Unreal Projects/UniHacks2022/Content/StarterContent/Textures/T_Brick_Clay_New_N.uasset" 531
"../../../../../Kevin/Unreal Projects/UniHacks2022/Content/StarterContent/Textures/T_Brick_Clay_New_M.uasset" 532
"../../../../../Kevin/Unreal Projects/UniHacks2022/Content/StarterContent/Textures/T_Brick_Clay_New_D.uasset" 533
"../../../../../Kevin/Unreal Projects/UniHacks2022/Content/StarterContent/Materials/M_Brick_Clay_New.uasset" 534
"../../../../../Kevin/Unreal Projects/UniHacks2022/Content/StarterContent/Textures/T_Brick_Clay_Beveled_N.uasset" 535
"../../../../../Kevin/Unreal Projects/UniHacks2022/Content/StarterContent/Textures/T_Brick_Clay_Beveled_M.uasset" 536
"../../../../../Kevin/Unreal Projects/UniHacks2022/Content/StarterContent/Textures/T_Brick_Clay_Beveled_D.uasset" 537
"../../../../../Kevin/Unreal Projects/UniHacks2022/Content/StarterContent/Materials/M_Brick_Clay_Beveled.uasset" 538
"../../../Engine/Content/Functions/Engine_MaterialFunctions03/Procedurals/ComputeFilterWidth.uasset" 539
"../../../Engine/Content/EngineMaterials/AntiAliasedTextMaterialTranslucent.uasset" 540
"../../../../../Kevin/Unreal Projects/UniHacks2022/Content/StarterContent/Maps/StarterMap_BuiltData.uasset" 541
"../../../../../Kevin/Unreal Projects/UniHacks2022/Content/StarterContent/Textures/T_Concrete_Poured_N.uasset" 542
"../../../../../Kevin/Unreal Projects/UniHacks2022/Content/StarterContent/Textures/T_Concrete_Poured_D.uasset" 543
"../../../../../Kevin/Unreal Projects/UniHacks2022/Content/StarterContent/Materials/M_Concrete_Poured.uasset" 544
"../../../../../Kevin/Unreal Projects/UniHacks2022/Content/StarterContent/Textures/T_Lamp_N.uasset" 545
"../../../../../Kevin/Unreal Projects/UniHacks2022/Content/StarterContent/Textures/T_Lamp_M.uasset" 546
"../../../../../Kevin/Unreal Projects/UniHacks2022/Content/StarterContent/Props/Materials/M_Lamp.uasset" 547
"../../../../../Kevin/Unreal Projects/UniHacks2022/Content/StarterContent/Props/SM_Lamp_Wall.uasset" 548
"../../../../../Kevin/Unreal Projects/UniHacks2022/Content/StarterContent/Blueprints/Blueprint_WallSconce.uasset" 549
"../../../../../Kevin/Unreal Projects/UniHacks2022/Content/StarterContent/Particles/P_Steam_Lit.uasset" 550
"../../../../../Kevin/Unreal Projects/UniHacks2022/Content/StarterContent/Audio/Steam01_Cue.uasset" 551
"../../../../../Kevin/Unreal Projects/UniHacks2022/Content/StarterContent/Blueprints/Blueprint_Effect_Steam.uasset" 552
"../../../../../Kevin/Unreal Projects/UniHacks2022/Content/StarterContent/Textures/T_Spark_Core.uasset" 553
"../../../../../Kevin/Unreal Projects/UniHacks2022/Content/StarterContent/Particles/Materials/M_Spark.uasset" 554
"../../../../../Kevin/Unreal Projects/UniHacks2022/Content/StarterContent/Particles/Materials/M_Radial_Gradient.uasset" 555
"../../../../../Kevin/Unreal Projects/UniHacks2022/Content/StarterContent/Particles/P_Sparks.uasset" 556
"../../../../../Kevin/Unreal Projects/UniHacks2022/Content/StarterContent/Audio/Fire_Sparks01_Cue.uasset" 557
"../../../../../Kevin/Unreal Projects/UniHacks2022/Content/StarterContent/Blueprints/Blueprint_Effect_Sparks.uasset" 558
"../../../../../Kevin/Unreal Projects/UniHacks2022/Content/StarterContent/Particles/P_Smoke.uasset" 559
"../../../../../Kevin/Unreal Projects/UniHacks2022/Content/StarterContent/Audio/Smoke01_Cue.uasset" 560
"../../../../../Kevin/Unreal Projects/UniHacks2022/Content/StarterContent/Blueprints/Blueprint_Effect_Smoke.uasset" 561
"../../../../../Kevin/Unreal Projects/UniHacks2022/Content/StarterContent/Particles/Materials/M_Heat_Distortion.uasset" 562
"../../../../../Kevin/Unreal Projects/UniHacks2022/Content/StarterContent/Textures/T_Fire_Tiled_D.uasset" 563
"../../../../../Kevin/Unreal Projects/UniHacks2022/Content/StarterContent/Textures/T_Fire_SubUV.uasset" 564
"../../../../../Kevin/Unreal Projects/UniHacks2022/Content/StarterContent/Particles/Materials/M_Fire_SubUV.uasset" 565
"../../../../../Kevin/Unreal Projects/UniHacks2022/Content/StarterContent/Particles/P_Fire.uasset" 566
"../../../../../Kevin/Unreal Projects/UniHacks2022/Content/StarterContent/Audio/Fire01_Cue.uasset" 567
"../../../../../Kevin/Unreal Projects/UniHacks2022/Content/StarterContent/Blueprints/Blueprint_Effect_Fire.uasset" 568
"../../../../../Kevin/Unreal Projects/UniHacks2022/Content/StarterContent/Props/SM_Lamp_Ceiling.uasset" 569
"../../../../../Kevin/Unreal Projects/UniHacks2022/Content/StarterContent/Blueprints/Blueprint_CeilingLight.uasset" 570
"../../../../../Kevin/Unreal Projects/UniHacks2022/Content/StarterContent/Audio/Starter_Music_Cue.uasset" 571
"../../../../../Kevin/Unreal Projects/UniHacks2022/Content/StarterContent/Audio/Collapse_Cue.uasset" 572
"../../../../../Kevin/Unreal Projects/UniHacks2022/Content/StarterContent/Architecture/Wall_Window_400x300.uasset" 573
"../../../../../Kevin/Unreal Projects/UniHacks2022/Content/StarterContent/Architecture/Wall_Door_400x300.uasset" 574
"../../../../../Kevin/Unreal Projects/UniHacks2022/Content/StarterContent/Architecture/Wall_400x200.uasset" 575
"../../../../../Kevin/Unreal Projects/UniHacks2022/Content/StarterContent/Maps/StarterMap.umap" 576
"../../../Engine/Content/Maps/Entry_BuiltData.uasset" 577
"../../../Engine/Content/Maps/Entry.umap" 578
